<?xml version="1.0" encoding="UTF-8"?>
<!-- Generated by org.testng.reporters.JUnitReportReporter -->
<testsuite hostname="DESKTOP-IIDKI3E" failures="0" tests="1" name="testRunner.Run" time="190.227" errors="0" timestamp="2022-07-30T16:56:09 IST" skipped="0">
  <testcase classname="testRunner.Run" name="runScenario" time="190.227"/>
  <system-out/>
</testsuite> <!-- testRunner.Run -->
